<?xml version="1.0" encoding="UTF-8"?>
<testng-results ignored="2" total="12" passed="7" failed="3" skipped="0">
  <reporter-output>
  </reporter-output>
  <suite started-at="2018-12-03T00:28:50Z" name="Surefire suite" finished-at="2018-12-03T00:29:30Z" duration-ms="39982">
    <groups>
      <group name="current">
        <method signature="BasicIT.cubsExample()[pri:0, instance:com.masteringselenium.clearcookies.BasicIT@635eaaf1]" name="cubsExample" class="com.masteringselenium.clearcookies.BasicIT"/>
        <method signature="BasicIT.dolphinsExample()[pri:0, instance:com.masteringselenium.clearcookies.BasicIT@635eaaf1]" name="dolphinsExample" class="com.masteringselenium.clearcookies.BasicIT"/>
        <method signature="BasicIT.goCardinalExample()[pri:0, instance:com.masteringselenium.clearcookies.BasicIT@635eaaf1]" name="goCardinalExample" class="com.masteringselenium.clearcookies.BasicIT"/>
        <method signature="BasicIT.goCrimsonExample()[pri:0, instance:com.masteringselenium.clearcookies.BasicIT@635eaaf1]" name="goCrimsonExample" class="com.masteringselenium.clearcookies.BasicIT"/>
        <method signature="BasicIT.goLionsExample()[pri:0, instance:com.masteringselenium.clearcookies.BasicIT@635eaaf1]" name="goLionsExample" class="com.masteringselenium.clearcookies.BasicIT"/>
        <method signature="BasicIT.googleCheeseExample()[pri:0, instance:com.masteringselenium.clearcookies.BasicIT@635eaaf1]" name="googleCheeseExample" class="com.masteringselenium.clearcookies.BasicIT"/>
        <method signature="BasicIT.googleMilkExample()[pri:0, instance:com.masteringselenium.clearcookies.BasicIT@635eaaf1]" name="googleMilkExample" class="com.masteringselenium.clearcookies.BasicIT"/>
        <method signature="BasicIT.jaguarsExample()[pri:0, instance:com.masteringselenium.clearcookies.BasicIT@635eaaf1]" name="jaguarsExample" class="com.masteringselenium.clearcookies.BasicIT"/>
        <method signature="BasicIT.patriotsExample()[pri:0, instance:com.masteringselenium.clearcookies.BasicIT@635eaaf1]" name="patriotsExample" class="com.masteringselenium.clearcookies.BasicIT"/>
        <method signature="BasicIT.ramsExample()[pri:0, instance:com.masteringselenium.clearcookies.BasicIT@635eaaf1]" name="ramsExample" class="com.masteringselenium.clearcookies.BasicIT"/>
      </group> <!-- current -->
    </groups>
    <test started-at="2018-12-03T00:28:50Z" name="Surefire test" finished-at="2018-12-03T00:29:30Z" duration-ms="39982">
      <class name="com.masteringselenium.clearcookies.BasicIT">
        <test-method is-config="true" signature="instantiateDriverObject()[pri:0, instance:com.masteringselenium.clearcookies.BasicIT@635eaaf1]" started-at="2018-12-03T00:28:50Z" name="instantiateDriverObject" finished-at="2018-12-03T00:28:50Z" duration-ms="11" status="PASS">
          <reporter-output>
          </reporter-output>
        </test-method> <!-- instantiateDriverObject -->
        <test-method is-config="true" signature="instantiateDriverObject()[pri:0, instance:com.masteringselenium.multiplebrowsers.BasicIT@31d7b7bf]" started-at="2018-12-03T00:28:50Z" name="instantiateDriverObject" finished-at="2018-12-03T00:28:50Z" duration-ms="1" status="PASS">
          <reporter-output>
          </reporter-output>
        </test-method> <!-- instantiateDriverObject -->
        <test-method signature="ramsExample()[pri:0, instance:com.masteringselenium.clearcookies.BasicIT@635eaaf1]" started-at="2018-12-03T00:28:50Z" name="ramsExample" finished-at="2018-12-03T00:29:20Z" duration-ms="30095" status="PASS">
          <reporter-output>
          </reporter-output>
        </test-method> <!-- ramsExample -->
        <test-method signature="jaguarsExample()[pri:0, instance:com.masteringselenium.clearcookies.BasicIT@635eaaf1]" started-at="2018-12-03T00:28:50Z" name="jaguarsExample" finished-at="2018-12-03T00:29:19Z" duration-ms="29181" status="PASS">
          <reporter-output>
          </reporter-output>
        </test-method> <!-- jaguarsExample -->
        <test-method signature="goCrimsonExample()[pri:0, instance:com.masteringselenium.clearcookies.BasicIT@635eaaf1]" started-at="2018-12-03T00:28:50Z" name="goCrimsonExample" finished-at="2018-12-03T00:29:27Z" duration-ms="36976" status="FAIL">
          <exception class="org.openqa.selenium.NoSuchElementException">
            <message>
              <![CDATA[no such element: Unable to locate element: {"method":"name","selector":"q"}
  (Session info: chrome=70.0.3538.110)
  (Driver info: chromedriver=2.44.609545 (c2f88692e98ce7233d2df7c724465ecacfe74df5),platform=Mac OS X 10.14.0 x86_64) (WARNING: The server did not provide any stacktrace information)
Command duration or timeout: 0 milliseconds
For documentation on this error, please visit: http://seleniumhq.org/exceptions/no_such_element.html
Build info: version: '3.12.0', revision: '7c6e0b3', time: '2018-05-08T14:04:26.12Z'
System info: host: 'Ryans-MacBook-Pro.local', ip: '10.220.221.170', os.name: 'Mac OS X', os.arch: 'x86_64', os.version: '10.14', java.version: '11.0.1'
Driver info: org.openqa.selenium.chrome.ChromeDriver
Capabilities {acceptInsecureCerts: false, acceptSslCerts: false, applicationCacheEnabled: false, browserConnectionEnabled: false, browserName: chrome, chrome: {chromedriverVersion: 2.44.609545 (c2f88692e98ce7..., userDataDir: /var/folders/vt/3x4_gkm53v7...}, cssSelectorsEnabled: true, databaseEnabled: false, goog:chromeOptions: {debuggerAddress: localhost:60923}, handlesAlerts: true, hasTouchScreen: false, javascriptEnabled: true, locationContextEnabled: true, mobileEmulationEnabled: false, nativeEvents: true, networkConnectionEnabled: false, pageLoadStrategy: normal, platform: MAC, platformName: MAC, rotatable: false, setWindowRect: true, takesHeapSnapshot: true, takesScreenshot: true, unexpectedAlertBehaviour: ignore, unhandledPromptBehavior: ignore, version: 70.0.3538.110, webStorageEnabled: true}
Session ID: 72d141f4024c28753536c7d67541575f
*** Element info: {Using=name, value=q}]]>
            </message>
            <full-stacktrace>
              <![CDATA[org.openqa.selenium.NoSuchElementException: no such element: Unable to locate element: {"method":"name","selector":"q"}
  (Session info: chrome=70.0.3538.110)
  (Driver info: chromedriver=2.44.609545 (c2f88692e98ce7233d2df7c724465ecacfe74df5),platform=Mac OS X 10.14.0 x86_64) (WARNING: The server did not provide any stacktrace information)
Command duration or timeout: 0 milliseconds
For documentation on this error, please visit: http://seleniumhq.org/exceptions/no_such_element.html
Build info: version: '3.12.0', revision: '7c6e0b3', time: '2018-05-08T14:04:26.12Z'
System info: host: 'Ryans-MacBook-Pro.local', ip: '10.220.221.170', os.name: 'Mac OS X', os.arch: 'x86_64', os.version: '10.14', java.version: '11.0.1'
Driver info: org.openqa.selenium.chrome.ChromeDriver
Capabilities {acceptInsecureCerts: false, acceptSslCerts: false, applicationCacheEnabled: false, browserConnectionEnabled: false, browserName: chrome, chrome: {chromedriverVersion: 2.44.609545 (c2f88692e98ce7..., userDataDir: /var/folders/vt/3x4_gkm53v7...}, cssSelectorsEnabled: true, databaseEnabled: false, goog:chromeOptions: {debuggerAddress: localhost:60923}, handlesAlerts: true, hasTouchScreen: false, javascriptEnabled: true, locationContextEnabled: true, mobileEmulationEnabled: false, nativeEvents: true, networkConnectionEnabled: false, pageLoadStrategy: normal, platform: MAC, platformName: MAC, rotatable: false, setWindowRect: true, takesHeapSnapshot: true, takesScreenshot: true, unexpectedAlertBehaviour: ignore, unhandledPromptBehavior: ignore, version: 70.0.3538.110, webStorageEnabled: true}
Session ID: 72d141f4024c28753536c7d67541575f
*** Element info: {Using=name, value=q}
at java.base/jdk.internal.reflect.NativeConstructorAccessorImpl.newInstance0(Native Method)
at java.base/jdk.internal.reflect.NativeConstructorAccessorImpl.newInstance(NativeConstructorAccessorImpl.java:62)
at java.base/jdk.internal.reflect.DelegatingConstructorAccessorImpl.newInstance(DelegatingConstructorAccessorImpl.java:45)
at java.base/java.lang.reflect.Constructor.newInstance(Constructor.java:490)
at org.openqa.selenium.remote.ErrorHandler.createThrowable(ErrorHandler.java:214)
at org.openqa.selenium.remote.ErrorHandler.throwIfResponseFailed(ErrorHandler.java:166)
at org.openqa.selenium.remote.http.JsonHttpResponseCodec.reconstructValue(JsonHttpResponseCodec.java:40)
at org.openqa.selenium.remote.http.AbstractHttpResponseCodec.decode(AbstractHttpResponseCodec.java:80)
at org.openqa.selenium.remote.http.AbstractHttpResponseCodec.decode(AbstractHttpResponseCodec.java:44)
at org.openqa.selenium.remote.HttpCommandExecutor.execute(HttpCommandExecutor.java:158)
at org.openqa.selenium.remote.service.DriverCommandExecutor.execute(DriverCommandExecutor.java:83)
at org.openqa.selenium.remote.RemoteWebDriver.execute(RemoteWebDriver.java:543)
at org.openqa.selenium.remote.RemoteWebDriver.findElement(RemoteWebDriver.java:317)
at org.openqa.selenium.remote.RemoteWebDriver.findElementByName(RemoteWebDriver.java:395)
at org.openqa.selenium.By$ByName.findElement(By.java:284)
at org.openqa.selenium.remote.RemoteWebDriver.findElement(RemoteWebDriver.java:309)
at com.masteringselenium.clearcookies.BasicIT.googleExampleThatSearchesFor(BasicIT.java:24)
at com.masteringselenium.clearcookies.BasicIT.goCrimsonExample(BasicIT.java:58)
at java.base/jdk.internal.reflect.NativeMethodAccessorImpl.invoke0(Native Method)
at java.base/jdk.internal.reflect.NativeMethodAccessorImpl.invoke(NativeMethodAccessorImpl.java:62)
at java.base/jdk.internal.reflect.DelegatingMethodAccessorImpl.invoke(DelegatingMethodAccessorImpl.java:43)
at java.base/java.lang.reflect.Method.invoke(Method.java:566)
at org.testng.internal.MethodInvocationHelper.invokeMethod(MethodInvocationHelper.java:124)
at org.testng.internal.Invoker.invokeMethod(Invoker.java:583)
at org.testng.internal.Invoker.invokeTestMethod(Invoker.java:719)
at org.testng.internal.Invoker.invokeTestMethods(Invoker.java:989)
at org.testng.internal.TestMethodWorker.invokeTestMethods(TestMethodWorker.java:125)
at org.testng.internal.TestMethodWorker.run(TestMethodWorker.java:109)
at java.base/java.util.concurrent.ThreadPoolExecutor.runWorker(ThreadPoolExecutor.java:1128)
at java.base/java.util.concurrent.ThreadPoolExecutor$Worker.run(ThreadPoolExecutor.java:628)
at java.base/java.lang.Thread.run(Thread.java:834)
]]>
            </full-stacktrace>
          </exception> <!-- org.openqa.selenium.NoSuchElementException -->
          <reporter-output>
          </reporter-output>
        </test-method> <!-- goCrimsonExample -->
        <test-method signature="cubsExample()[pri:0, instance:com.masteringselenium.clearcookies.BasicIT@635eaaf1]" started-at="2018-12-03T00:28:50Z" name="cubsExample" finished-at="2018-12-03T00:29:30Z" duration-ms="39901" status="PASS">
          <reporter-output>
          </reporter-output>
        </test-method> <!-- cubsExample -->
        <test-method signature="dolphinsExample()[pri:0, instance:com.masteringselenium.clearcookies.BasicIT@635eaaf1]" started-at="2018-12-03T00:28:50Z" name="dolphinsExample" finished-at="2018-12-03T00:29:27Z" duration-ms="36976" status="FAIL">
          <exception class="org.openqa.selenium.NoSuchElementException">
            <message>
              <![CDATA[no such element: Unable to locate element: {"method":"name","selector":"q"}
  (Session info: chrome=70.0.3538.110)
  (Driver info: chromedriver=2.44.609545 (c2f88692e98ce7233d2df7c724465ecacfe74df5),platform=Mac OS X 10.14.0 x86_64) (WARNING: The server did not provide any stacktrace information)
Command duration or timeout: 0 milliseconds
For documentation on this error, please visit: http://seleniumhq.org/exceptions/no_such_element.html
Build info: version: '3.12.0', revision: '7c6e0b3', time: '2018-05-08T14:04:26.12Z'
System info: host: 'Ryans-MacBook-Pro.local', ip: '10.220.221.170', os.name: 'Mac OS X', os.arch: 'x86_64', os.version: '10.14', java.version: '11.0.1'
Driver info: org.openqa.selenium.chrome.ChromeDriver
Capabilities {acceptInsecureCerts: false, acceptSslCerts: false, applicationCacheEnabled: false, browserConnectionEnabled: false, browserName: chrome, chrome: {chromedriverVersion: 2.44.609545 (c2f88692e98ce7..., userDataDir: /var/folders/vt/3x4_gkm53v7...}, cssSelectorsEnabled: true, databaseEnabled: false, goog:chromeOptions: {debuggerAddress: localhost:60918}, handlesAlerts: true, hasTouchScreen: false, javascriptEnabled: true, locationContextEnabled: true, mobileEmulationEnabled: false, nativeEvents: true, networkConnectionEnabled: false, pageLoadStrategy: normal, platform: MAC, platformName: MAC, rotatable: false, setWindowRect: true, takesHeapSnapshot: true, takesScreenshot: true, unexpectedAlertBehaviour: ignore, unhandledPromptBehavior: ignore, version: 70.0.3538.110, webStorageEnabled: true}
Session ID: ee0bc1411b5a230bd20f2f60a1f7a9d9
*** Element info: {Using=name, value=q}]]>
            </message>
            <full-stacktrace>
              <![CDATA[org.openqa.selenium.NoSuchElementException: no such element: Unable to locate element: {"method":"name","selector":"q"}
  (Session info: chrome=70.0.3538.110)
  (Driver info: chromedriver=2.44.609545 (c2f88692e98ce7233d2df7c724465ecacfe74df5),platform=Mac OS X 10.14.0 x86_64) (WARNING: The server did not provide any stacktrace information)
Command duration or timeout: 0 milliseconds
For documentation on this error, please visit: http://seleniumhq.org/exceptions/no_such_element.html
Build info: version: '3.12.0', revision: '7c6e0b3', time: '2018-05-08T14:04:26.12Z'
System info: host: 'Ryans-MacBook-Pro.local', ip: '10.220.221.170', os.name: 'Mac OS X', os.arch: 'x86_64', os.version: '10.14', java.version: '11.0.1'
Driver info: org.openqa.selenium.chrome.ChromeDriver
Capabilities {acceptInsecureCerts: false, acceptSslCerts: false, applicationCacheEnabled: false, browserConnectionEnabled: false, browserName: chrome, chrome: {chromedriverVersion: 2.44.609545 (c2f88692e98ce7..., userDataDir: /var/folders/vt/3x4_gkm53v7...}, cssSelectorsEnabled: true, databaseEnabled: false, goog:chromeOptions: {debuggerAddress: localhost:60918}, handlesAlerts: true, hasTouchScreen: false, javascriptEnabled: true, locationContextEnabled: true, mobileEmulationEnabled: false, nativeEvents: true, networkConnectionEnabled: false, pageLoadStrategy: normal, platform: MAC, platformName: MAC, rotatable: false, setWindowRect: true, takesHeapSnapshot: true, takesScreenshot: true, unexpectedAlertBehaviour: ignore, unhandledPromptBehavior: ignore, version: 70.0.3538.110, webStorageEnabled: true}
Session ID: ee0bc1411b5a230bd20f2f60a1f7a9d9
*** Element info: {Using=name, value=q}
at java.base/jdk.internal.reflect.NativeConstructorAccessorImpl.newInstance0(Native Method)
at java.base/jdk.internal.reflect.NativeConstructorAccessorImpl.newInstance(NativeConstructorAccessorImpl.java:62)
at java.base/jdk.internal.reflect.DelegatingConstructorAccessorImpl.newInstance(DelegatingConstructorAccessorImpl.java:45)
at java.base/java.lang.reflect.Constructor.newInstance(Constructor.java:490)
at org.openqa.selenium.remote.ErrorHandler.createThrowable(ErrorHandler.java:214)
at org.openqa.selenium.remote.ErrorHandler.throwIfResponseFailed(ErrorHandler.java:166)
at org.openqa.selenium.remote.http.JsonHttpResponseCodec.reconstructValue(JsonHttpResponseCodec.java:40)
at org.openqa.selenium.remote.http.AbstractHttpResponseCodec.decode(AbstractHttpResponseCodec.java:80)
at org.openqa.selenium.remote.http.AbstractHttpResponseCodec.decode(AbstractHttpResponseCodec.java:44)
at org.openqa.selenium.remote.HttpCommandExecutor.execute(HttpCommandExecutor.java:158)
at org.openqa.selenium.remote.service.DriverCommandExecutor.execute(DriverCommandExecutor.java:83)
at org.openqa.selenium.remote.RemoteWebDriver.execute(RemoteWebDriver.java:543)
at org.openqa.selenium.remote.RemoteWebDriver.findElement(RemoteWebDriver.java:317)
at org.openqa.selenium.remote.RemoteWebDriver.findElementByName(RemoteWebDriver.java:395)
at org.openqa.selenium.By$ByName.findElement(By.java:284)
at org.openqa.selenium.remote.RemoteWebDriver.findElement(RemoteWebDriver.java:309)
at com.masteringselenium.clearcookies.BasicIT.googleExampleThatSearchesFor(BasicIT.java:24)
at com.masteringselenium.clearcookies.BasicIT.dolphinsExample(BasicIT.java:90)
at java.base/jdk.internal.reflect.NativeMethodAccessorImpl.invoke0(Native Method)
at java.base/jdk.internal.reflect.NativeMethodAccessorImpl.invoke(NativeMethodAccessorImpl.java:62)
at java.base/jdk.internal.reflect.DelegatingMethodAccessorImpl.invoke(DelegatingMethodAccessorImpl.java:43)
at java.base/java.lang.reflect.Method.invoke(Method.java:566)
at org.testng.internal.MethodInvocationHelper.invokeMethod(MethodInvocationHelper.java:124)
at org.testng.internal.Invoker.invokeMethod(Invoker.java:583)
at org.testng.internal.Invoker.invokeTestMethod(Invoker.java:719)
at org.testng.internal.Invoker.invokeTestMethods(Invoker.java:989)
at org.testng.internal.TestMethodWorker.invokeTestMethods(TestMethodWorker.java:125)
at org.testng.internal.TestMethodWorker.run(TestMethodWorker.java:109)
at java.base/java.util.concurrent.ThreadPoolExecutor.runWorker(ThreadPoolExecutor.java:1128)
at java.base/java.util.concurrent.ThreadPoolExecutor$Worker.run(ThreadPoolExecutor.java:628)
at java.base/java.lang.Thread.run(Thread.java:834)
]]>
            </full-stacktrace>
          </exception> <!-- org.openqa.selenium.NoSuchElementException -->
          <reporter-output>
          </reporter-output>
        </test-method> <!-- dolphinsExample -->
        <test-method signature="googleMilkExample()[pri:0, instance:com.masteringselenium.clearcookies.BasicIT@635eaaf1]" started-at="2018-12-03T00:28:50Z" name="googleMilkExample" finished-at="2018-12-03T00:29:28Z" duration-ms="38128" status="PASS">
          <reporter-output>
          </reporter-output>
        </test-method> <!-- googleMilkExample -->
        <test-method signature="patriotsExample()[pri:0, instance:com.masteringselenium.clearcookies.BasicIT@635eaaf1]" started-at="2018-12-03T00:28:50Z" name="patriotsExample" finished-at="2018-12-03T00:29:16Z" duration-ms="25877" status="PASS">
          <reporter-output>
          </reporter-output>
        </test-method> <!-- patriotsExample -->
        <test-method signature="goCardinalExample()[pri:0, instance:com.masteringselenium.clearcookies.BasicIT@635eaaf1]" started-at="2018-12-03T00:28:50Z" name="goCardinalExample" finished-at="2018-12-03T00:29:27Z" duration-ms="36976" status="FAIL">
          <exception class="org.openqa.selenium.NoSuchElementException">
            <message>
              <![CDATA[no such element: Unable to locate element: {"method":"name","selector":"q"}
  (Session info: chrome=70.0.3538.110)
  (Driver info: chromedriver=2.44.609545 (c2f88692e98ce7233d2df7c724465ecacfe74df5),platform=Mac OS X 10.14.0 x86_64) (WARNING: The server did not provide any stacktrace information)
Command duration or timeout: 0 milliseconds
For documentation on this error, please visit: http://seleniumhq.org/exceptions/no_such_element.html
Build info: version: '3.12.0', revision: '7c6e0b3', time: '2018-05-08T14:04:26.12Z'
System info: host: 'Ryans-MacBook-Pro.local', ip: '10.220.221.170', os.name: 'Mac OS X', os.arch: 'x86_64', os.version: '10.14', java.version: '11.0.1'
Driver info: org.openqa.selenium.chrome.ChromeDriver
Capabilities {acceptInsecureCerts: false, acceptSslCerts: false, applicationCacheEnabled: false, browserConnectionEnabled: false, browserName: chrome, chrome: {chromedriverVersion: 2.44.609545 (c2f88692e98ce7..., userDataDir: /var/folders/vt/3x4_gkm53v7...}, cssSelectorsEnabled: true, databaseEnabled: false, goog:chromeOptions: {debuggerAddress: localhost:60914}, handlesAlerts: true, hasTouchScreen: false, javascriptEnabled: true, locationContextEnabled: true, mobileEmulationEnabled: false, nativeEvents: true, networkConnectionEnabled: false, pageLoadStrategy: normal, platform: MAC, platformName: MAC, rotatable: false, setWindowRect: true, takesHeapSnapshot: true, takesScreenshot: true, unexpectedAlertBehaviour: ignore, unhandledPromptBehavior: ignore, version: 70.0.3538.110, webStorageEnabled: true}
Session ID: 5833da3cd21b7c481c3143cdb31a0d25
*** Element info: {Using=name, value=q}]]>
            </message>
            <full-stacktrace>
              <![CDATA[org.openqa.selenium.NoSuchElementException: no such element: Unable to locate element: {"method":"name","selector":"q"}
  (Session info: chrome=70.0.3538.110)
  (Driver info: chromedriver=2.44.609545 (c2f88692e98ce7233d2df7c724465ecacfe74df5),platform=Mac OS X 10.14.0 x86_64) (WARNING: The server did not provide any stacktrace information)
Command duration or timeout: 0 milliseconds
For documentation on this error, please visit: http://seleniumhq.org/exceptions/no_such_element.html
Build info: version: '3.12.0', revision: '7c6e0b3', time: '2018-05-08T14:04:26.12Z'
System info: host: 'Ryans-MacBook-Pro.local', ip: '10.220.221.170', os.name: 'Mac OS X', os.arch: 'x86_64', os.version: '10.14', java.version: '11.0.1'
Driver info: org.openqa.selenium.chrome.ChromeDriver
Capabilities {acceptInsecureCerts: false, acceptSslCerts: false, applicationCacheEnabled: false, browserConnectionEnabled: false, browserName: chrome, chrome: {chromedriverVersion: 2.44.609545 (c2f88692e98ce7..., userDataDir: /var/folders/vt/3x4_gkm53v7...}, cssSelectorsEnabled: true, databaseEnabled: false, goog:chromeOptions: {debuggerAddress: localhost:60914}, handlesAlerts: true, hasTouchScreen: false, javascriptEnabled: true, locationContextEnabled: true, mobileEmulationEnabled: false, nativeEvents: true, networkConnectionEnabled: false, pageLoadStrategy: normal, platform: MAC, platformName: MAC, rotatable: false, setWindowRect: true, takesHeapSnapshot: true, takesScreenshot: true, unexpectedAlertBehaviour: ignore, unhandledPromptBehavior: ignore, version: 70.0.3538.110, webStorageEnabled: true}
Session ID: 5833da3cd21b7c481c3143cdb31a0d25
*** Element info: {Using=name, value=q}
at java.base/jdk.internal.reflect.NativeConstructorAccessorImpl.newInstance0(Native Method)
at java.base/jdk.internal.reflect.NativeConstructorAccessorImpl.newInstance(NativeConstructorAccessorImpl.java:62)
at java.base/jdk.internal.reflect.DelegatingConstructorAccessorImpl.newInstance(DelegatingConstructorAccessorImpl.java:45)
at java.base/java.lang.reflect.Constructor.newInstance(Constructor.java:490)
at org.openqa.selenium.remote.ErrorHandler.createThrowable(ErrorHandler.java:214)
at org.openqa.selenium.remote.ErrorHandler.throwIfResponseFailed(ErrorHandler.java:166)
at org.openqa.selenium.remote.http.JsonHttpResponseCodec.reconstructValue(JsonHttpResponseCodec.java:40)
at org.openqa.selenium.remote.http.AbstractHttpResponseCodec.decode(AbstractHttpResponseCodec.java:80)
at org.openqa.selenium.remote.http.AbstractHttpResponseCodec.decode(AbstractHttpResponseCodec.java:44)
at org.openqa.selenium.remote.HttpCommandExecutor.execute(HttpCommandExecutor.java:158)
at org.openqa.selenium.remote.service.DriverCommandExecutor.execute(DriverCommandExecutor.java:83)
at org.openqa.selenium.remote.RemoteWebDriver.execute(RemoteWebDriver.java:543)
at org.openqa.selenium.remote.RemoteWebDriver.findElement(RemoteWebDriver.java:317)
at org.openqa.selenium.remote.RemoteWebDriver.findElementByName(RemoteWebDriver.java:395)
at org.openqa.selenium.By$ByName.findElement(By.java:284)
at org.openqa.selenium.remote.RemoteWebDriver.findElement(RemoteWebDriver.java:309)
at com.masteringselenium.clearcookies.BasicIT.googleExampleThatSearchesFor(BasicIT.java:24)
at com.masteringselenium.clearcookies.BasicIT.goCardinalExample(BasicIT.java:53)
at java.base/jdk.internal.reflect.NativeMethodAccessorImpl.invoke0(Native Method)
at java.base/jdk.internal.reflect.NativeMethodAccessorImpl.invoke(NativeMethodAccessorImpl.java:62)
at java.base/jdk.internal.reflect.DelegatingMethodAccessorImpl.invoke(DelegatingMethodAccessorImpl.java:43)
at java.base/java.lang.reflect.Method.invoke(Method.java:566)
at org.testng.internal.MethodInvocationHelper.invokeMethod(MethodInvocationHelper.java:124)
at org.testng.internal.Invoker.invokeMethod(Invoker.java:583)
at org.testng.internal.Invoker.invokeTestMethod(Invoker.java:719)
at org.testng.internal.Invoker.invokeTestMethods(Invoker.java:989)
at org.testng.internal.TestMethodWorker.invokeTestMethods(TestMethodWorker.java:125)
at org.testng.internal.TestMethodWorker.run(TestMethodWorker.java:109)
at java.base/java.util.concurrent.ThreadPoolExecutor.runWorker(ThreadPoolExecutor.java:1128)
at java.base/java.util.concurrent.ThreadPoolExecutor$Worker.run(ThreadPoolExecutor.java:628)
at java.base/java.lang.Thread.run(Thread.java:834)
]]>
            </full-stacktrace>
          </exception> <!-- org.openqa.selenium.NoSuchElementException -->
          <reporter-output>
          </reporter-output>
        </test-method> <!-- goCardinalExample -->
        <test-method signature="goLionsExample()[pri:0, instance:com.masteringselenium.clearcookies.BasicIT@635eaaf1]" started-at="2018-12-03T00:28:50Z" name="goLionsExample" finished-at="2018-12-03T00:29:22Z" duration-ms="31708" status="PASS">
          <reporter-output>
          </reporter-output>
        </test-method> <!-- goLionsExample -->
        <test-method signature="googleCheeseExample()[pri:0, instance:com.masteringselenium.clearcookies.BasicIT@635eaaf1]" started-at="2018-12-03T00:28:50Z" name="googleCheeseExample" finished-at="2018-12-03T00:29:20Z" duration-ms="29416" status="PASS">
          <reporter-output>
          </reporter-output>
        </test-method> <!-- googleCheeseExample -->
        <test-method is-config="true" signature="clearCookies()[pri:0, instance:com.masteringselenium.clearcookies.BasicIT@635eaaf1]" started-at="2018-12-03T00:29:16Z" name="clearCookies" finished-at="2018-12-03T00:29:23Z" duration-ms="6774" status="PASS">
          <reporter-output>
          </reporter-output>
        </test-method> <!-- clearCookies -->
        <test-method is-config="true" signature="clearCookies()[pri:0, instance:com.masteringselenium.clearcookies.BasicIT@635eaaf1]" started-at="2018-12-03T00:29:19Z" name="clearCookies" finished-at="2018-12-03T00:29:25Z" duration-ms="5978" status="PASS">
          <reporter-output>
          </reporter-output>
        </test-method> <!-- clearCookies -->
        <test-method is-config="true" signature="clearCookies()[pri:0, instance:com.masteringselenium.clearcookies.BasicIT@635eaaf1]" started-at="2018-12-03T00:29:20Z" name="clearCookies" finished-at="2018-12-03T00:29:23Z" duration-ms="3518" status="PASS">
          <reporter-output>
          </reporter-output>
        </test-method> <!-- clearCookies -->
        <test-method is-config="true" signature="clearCookies()[pri:0, instance:com.masteringselenium.clearcookies.BasicIT@635eaaf1]" started-at="2018-12-03T00:29:20Z" name="clearCookies" finished-at="2018-12-03T00:29:25Z" duration-ms="4926" status="PASS">
          <reporter-output>
          </reporter-output>
        </test-method> <!-- clearCookies -->
        <test-method is-config="true" signature="clearCookies()[pri:0, instance:com.masteringselenium.clearcookies.BasicIT@635eaaf1]" started-at="2018-12-03T00:29:22Z" name="clearCookies" finished-at="2018-12-03T00:29:23Z" duration-ms="1444" status="PASS">
          <reporter-output>
          </reporter-output>
        </test-method> <!-- clearCookies -->
        <test-method is-config="true" signature="clearCookies()[pri:0, instance:com.masteringselenium.clearcookies.BasicIT@635eaaf1]" started-at="2018-12-03T00:29:27Z" name="clearCookies" finished-at="2018-12-03T00:29:27Z" duration-ms="25" status="PASS">
          <reporter-output>
          </reporter-output>
        </test-method> <!-- clearCookies -->
        <test-method is-config="true" signature="clearCookies()[pri:0, instance:com.masteringselenium.clearcookies.BasicIT@635eaaf1]" started-at="2018-12-03T00:29:27Z" name="clearCookies" finished-at="2018-12-03T00:29:27Z" duration-ms="25" status="PASS">
          <reporter-output>
          </reporter-output>
        </test-method> <!-- clearCookies -->
        <test-method is-config="true" signature="clearCookies()[pri:0, instance:com.masteringselenium.clearcookies.BasicIT@635eaaf1]" started-at="2018-12-03T00:29:27Z" name="clearCookies" finished-at="2018-12-03T00:29:27Z" duration-ms="25" status="PASS">
          <reporter-output>
          </reporter-output>
        </test-method> <!-- clearCookies -->
        <test-method is-config="true" signature="clearCookies()[pri:0, instance:com.masteringselenium.clearcookies.BasicIT@635eaaf1]" started-at="2018-12-03T00:29:28Z" name="clearCookies" finished-at="2018-12-03T00:29:29Z" duration-ms="108" status="PASS">
          <reporter-output>
          </reporter-output>
        </test-method> <!-- clearCookies -->
        <test-method is-config="true" signature="clearCookies()[pri:0, instance:com.masteringselenium.clearcookies.BasicIT@635eaaf1]" started-at="2018-12-03T00:29:30Z" name="clearCookies" finished-at="2018-12-03T00:29:30Z" duration-ms="41" status="PASS">
          <reporter-output>
          </reporter-output>
        </test-method> <!-- clearCookies -->
        <test-method is-config="true" signature="closeDriverObjects()[pri:0, instance:com.masteringselenium.clearcookies.BasicIT@635eaaf1]" started-at="2018-12-03T00:29:30Z" name="closeDriverObjects" finished-at="2018-12-03T00:29:32Z" duration-ms="1236" status="PASS">
          <reporter-output>
          </reporter-output>
        </test-method> <!-- closeDriverObjects -->
        <test-method is-config="true" signature="closeDriverObjects()[pri:0, instance:com.masteringselenium.multiplebrowsers.BasicIT@31d7b7bf]" started-at="2018-12-03T00:29:32Z" name="closeDriverObjects" finished-at="2018-12-03T00:29:32Z" duration-ms="1" status="PASS">
          <reporter-output>
          </reporter-output>
        </test-method> <!-- closeDriverObjects -->
      </class> <!-- com.masteringselenium.clearcookies.BasicIT -->
    </test> <!-- Surefire test -->
  </suite> <!-- Surefire suite -->
</testng-results>
